<?xml version="1.0" encoding="UTF-8"?>
<!-- Generated by org.testng.reporters.JUnitXMLReporter -->
<testsuite ignored="0" hostname="LTIN509671" failures="0" tests="10" name="Test2" time="95.706" errors="0" timestamp="2024-04-02T17:41:18 IST">
  <testcase classname="com.be.Cognizant.testCases.Main" name="validateUserInformation" time="0.365"/>
  <testcase classname="com.be.Cognizant.testCases.Main" name="validateClickCompany" time="0.068"/>
  <testcase classname="com.be.Cognizant.testCases.Main" name="validateClickAcronym" time="0.079"/>
  <testcase classname="com.be.Cognizant.testCases.Main" name="validateAcronymIsDisplayed" time="1.5"/>
  <testcase classname="com.be.Cognizant.testCases.Main" name="toolTipTitle" time="0.17"/>
  <testcase classname="com.be.Cognizant.testCases.Main" name="validatePrintAcronyms" time="13.027"/>
  <testcase classname="com.be.Cognizant.testCases.Main" name="validateBeCognizantHomePage" time="5.129"/>
  <testcase classname="com.be.Cognizant.testCases.Main" name="validateStockPrice" time="10.066"/>
  <testcase classname="com.be.Cognizant.testCases.Main" name="validateGoogleStockPrice" time="14.867"/>
  <testcase classname="com.be.Cognizant.testCases.Main" name="validatePastStockPrice" time="0.635"/>
</testsuite> <!-- Test2 -->
