<?xml version="1.0" encoding="UTF-8"?>
<testng-results ignored="0" total="20" passed="19" failed="1" skipped="0">
  <reporter-output>
  </reporter-output>
  <suite started-at="2024-04-02T17:36:27 IST" name="Suite" finished-at="2024-04-02T17:41:18 IST" duration-ms="291480">
    <groups>
    </groups>
    <test started-at="2024-04-02T17:36:27 IST" name="Test1" finished-at="2024-04-02T17:39:39 IST" duration-ms="192986">
      <class name="com.be.Cognizant.testCases.Main">
        <test-method is-config="true" signature="beforeClass(java.lang.String)[pri:0, instance:com.be.Cognizant.testCases.Main@2034b64c]" started-at="2024-04-02T17:36:28 IST" name="beforeClass" finished-at="2024-04-02T17:37:16 IST" duration-ms="48808" status="PASS">
          <params>
            <param index="0">
              <value>
                <![CDATA[edge]]>
              </value>
            </param>
          </params>
          <reporter-output>
          </reporter-output>
        </test-method> <!-- beforeClass -->
        <test-method signature="validateUserInformation()[pri:1, instance:com.be.Cognizant.testCases.Main@2034b64c]" started-at="2024-04-02T17:37:16 IST" name="validateUserInformation" finished-at="2024-04-02T17:37:37 IST" duration-ms="20361" status="FAIL">
          <exception class="org.openqa.selenium.NoSuchElementException">
            <message>
              <![CDATA[no such element: Unable to locate element: {"method":"xpath","selector":"//*[@id="mectrl_currentAccount_primary"]"}
  (Session info: MicrosoftEdge=123.0.2420.65)
For documentation on this error, please visit: https://www.selenium.dev/documentation/webdriver/troubleshooting/errors#no-such-element-exception
Build info: version: '4.18.1', revision: 'b1d3319b48'
System info: os.name: 'Windows 11', os.arch: 'amd64', os.version: '10.0', java.version: '17.0.5'
Driver info: org.openqa.selenium.edge.EdgeDriver
Command: [807b85796ea91e3a3193a47777757be8, findElement {value=//*[@id="mectrl_currentAccount_primary"], using=xpath}]
Capabilities {acceptInsecureCerts: false, browserName: MicrosoftEdge, browserVersion: 123.0.2420.65, fedcm:accounts: true, ms:edgeOptions: {debuggerAddress: localhost:53874}, msedge: {msedgedriverVersion: 123.0.2420.65 (49b6a5859239..., userDataDir: C:\Windows\SystemTemp\scope...}, networkConnectionEnabled: false, pageLoadStrategy: normal, platformName: windows, proxy: Proxy(), se:cdp: ws://localhost:53874/devtoo..., se:cdpVersion: 123.0.2420.65, setWindowRect: true, strictFileInteractability: false, timeouts: {implicit: 0, pageLoad: 300000, script: 30000}, unhandledPromptBehavior: dismiss and notify, webauthn:extension:credBlob: true, webauthn:extension:largeBlob: true, webauthn:extension:minPinLength: true, webauthn:extension:prf: true, webauthn:virtualAuthenticators: true}
Session ID: 807b85796ea91e3a3193a47777757be8]]>
            </message>
            <full-stacktrace>
              <![CDATA[org.openqa.selenium.NoSuchElementException: no such element: Unable to locate element: {"method":"xpath","selector":"//*[@id="mectrl_currentAccount_primary"]"}
  (Session info: MicrosoftEdge=123.0.2420.65)
For documentation on this error, please visit: https://www.selenium.dev/documentation/webdriver/troubleshooting/errors#no-such-element-exception
Build info: version: '4.18.1', revision: 'b1d3319b48'
System info: os.name: 'Windows 11', os.arch: 'amd64', os.version: '10.0', java.version: '17.0.5'
Driver info: org.openqa.selenium.edge.EdgeDriver
Command: [807b85796ea91e3a3193a47777757be8, findElement {value=//*[@id="mectrl_currentAccount_primary"], using=xpath}]
Capabilities {acceptInsecureCerts: false, browserName: MicrosoftEdge, browserVersion: 123.0.2420.65, fedcm:accounts: true, ms:edgeOptions: {debuggerAddress: localhost:53874}, msedge: {msedgedriverVersion: 123.0.2420.65 (49b6a5859239..., userDataDir: C:\Windows\SystemTemp\scope...}, networkConnectionEnabled: false, pageLoadStrategy: normal, platformName: windows, proxy: Proxy(), se:cdp: ws://localhost:53874/devtoo..., se:cdpVersion: 123.0.2420.65, setWindowRect: true, strictFileInteractability: false, timeouts: {implicit: 0, pageLoad: 300000, script: 30000}, unhandledPromptBehavior: dismiss and notify, webauthn:extension:credBlob: true, webauthn:extension:largeBlob: true, webauthn:extension:minPinLength: true, webauthn:extension:prf: true, webauthn:virtualAuthenticators: true}
Session ID: 807b85796ea91e3a3193a47777757be8
at java.base/jdk.internal.reflect.NativeConstructorAccessorImpl.newInstance0(Native Method)
at java.base/jdk.internal.reflect.NativeConstructorAccessorImpl.newInstance(NativeConstructorAccessorImpl.java:77)
at java.base/jdk.internal.reflect.DelegatingConstructorAccessorImpl.newInstance(DelegatingConstructorAccessorImpl.java:45)
at java.base/java.lang.reflect.Constructor.newInstanceWithCaller(Constructor.java:499)
at java.base/java.lang.reflect.Constructor.newInstance(Constructor.java:480)
at org.openqa.selenium.remote.ErrorCodec.decode(ErrorCodec.java:167)
at org.openqa.selenium.remote.codec.w3c.W3CHttpResponseCodec.decode(W3CHttpResponseCodec.java:138)
at org.openqa.selenium.remote.codec.w3c.W3CHttpResponseCodec.decode(W3CHttpResponseCodec.java:50)
at org.openqa.selenium.remote.HttpCommandExecutor.execute(HttpCommandExecutor.java:190)
at org.openqa.selenium.remote.service.DriverCommandExecutor.invokeExecute(DriverCommandExecutor.java:216)
at org.openqa.selenium.remote.service.DriverCommandExecutor.execute(DriverCommandExecutor.java:174)
at org.openqa.selenium.remote.RemoteWebDriver.execute(RemoteWebDriver.java:519)
at org.openqa.selenium.remote.ElementLocation$ElementFinder$2.findElement(ElementLocation.java:165)
at org.openqa.selenium.remote.ElementLocation.findElement(ElementLocation.java:59)
at org.openqa.selenium.remote.RemoteWebDriver.findElement(RemoteWebDriver.java:356)
at org.openqa.selenium.remote.RemoteWebDriver.findElement(RemoteWebDriver.java:350)
at com.be.Cognizant.pageObjects.HomePage.getUserDetails(HomePage.java:17)
at com.be.Cognizant.testCases.Main.validateUserInformation(Main.java:44)
at java.base/jdk.internal.reflect.NativeMethodAccessorImpl.invoke0(Native Method)
at java.base/jdk.internal.reflect.NativeMethodAccessorImpl.invoke(NativeMethodAccessorImpl.java:77)
at java.base/jdk.internal.reflect.DelegatingMethodAccessorImpl.invoke(DelegatingMethodAccessorImpl.java:43)
at java.base/java.lang.reflect.Method.invoke(Method.java:568)
at org.testng.internal.invokers.MethodInvocationHelper.invokeMethod(MethodInvocationHelper.java:139)
at org.testng.internal.invokers.TestInvoker.invokeMethod(TestInvoker.java:664)
at org.testng.internal.invokers.TestInvoker.invokeTestMethod(TestInvoker.java:228)
at org.testng.internal.invokers.MethodRunner.runInSequence(MethodRunner.java:63)
at org.testng.internal.invokers.TestInvoker$MethodInvocationAgent.invoke(TestInvoker.java:961)
at org.testng.internal.invokers.TestInvoker.invokeTestMethods(TestInvoker.java:201)
at org.testng.internal.invokers.TestMethodWorker.invokeTestMethods(TestMethodWorker.java:148)
at org.testng.internal.invokers.TestMethodWorker.run(TestMethodWorker.java:128)
at java.base/java.util.ArrayList.forEach(ArrayList.java:1511)
at org.testng.TestRunner.privateRun(TestRunner.java:819)
at org.testng.TestRunner.run(TestRunner.java:619)
at org.testng.SuiteRunner.runTest(SuiteRunner.java:443)
at org.testng.SuiteRunner.runSequentially(SuiteRunner.java:437)
at org.testng.SuiteRunner.privateRun(SuiteRunner.java:397)
at org.testng.SuiteRunner.run(SuiteRunner.java:336)
at org.testng.SuiteRunnerWorker.runSuite(SuiteRunnerWorker.java:52)
at org.testng.SuiteRunnerWorker.run(SuiteRunnerWorker.java:95)
at org.testng.TestNG.runSuitesSequentially(TestNG.java:1301)
at org.testng.TestNG.runSuitesLocally(TestNG.java:1228)
at org.testng.TestNG.runSuites(TestNG.java:1134)
at org.testng.TestNG.run(TestNG.java:1101)
at org.testng.remote.AbstractRemoteTestNG.run(AbstractRemoteTestNG.java:115)
at org.testng.remote.RemoteTestNG.initAndRun(RemoteTestNG.java:251)
at org.testng.remote.RemoteTestNG.main(RemoteTestNG.java:77)
]]>
            </full-stacktrace>
          </exception> <!-- org.openqa.selenium.NoSuchElementException -->
          <reporter-output>
          </reporter-output>
        </test-method> <!-- validateUserInformation -->
        <test-method signature="validateClickCompany()[pri:2, instance:com.be.Cognizant.testCases.Main@2034b64c]" started-at="2024-04-02T17:37:37 IST" name="validateClickCompany" finished-at="2024-04-02T17:37:38 IST" duration-ms="218" status="PASS">
          <reporter-output>
          </reporter-output>
        </test-method> <!-- validateClickCompany -->
        <test-method signature="validateClickAcronym()[pri:3, instance:com.be.Cognizant.testCases.Main@2034b64c]" started-at="2024-04-02T17:37:38 IST" name="validateClickAcronym" finished-at="2024-04-02T17:37:39 IST" duration-ms="290" status="PASS">
          <reporter-output>
          </reporter-output>
        </test-method> <!-- validateClickAcronym -->
        <test-method signature="validateAcronymIsDisplayed()[pri:4, instance:com.be.Cognizant.testCases.Main@2034b64c]" started-at="2024-04-02T17:37:42 IST" name="validateAcronymIsDisplayed" finished-at="2024-04-02T17:37:42 IST" duration-ms="159" status="PASS">
          <reporter-output>
          </reporter-output>
        </test-method> <!-- validateAcronymIsDisplayed -->
        <test-method signature="toolTipTitle()[pri:5, instance:com.be.Cognizant.testCases.Main@2034b64c]" started-at="2024-04-02T17:37:42 IST" name="toolTipTitle" finished-at="2024-04-02T17:37:42 IST" duration-ms="519" status="PASS">
          <reporter-output>
          </reporter-output>
        </test-method> <!-- toolTipTitle -->
        <test-method signature="validatePrintAcronyms()[pri:6, instance:com.be.Cognizant.testCases.Main@2034b64c]" started-at="2024-04-02T17:37:43 IST" name="validatePrintAcronyms" finished-at="2024-04-02T17:38:24 IST" duration-ms="40986" status="PASS">
          <reporter-output>
          </reporter-output>
        </test-method> <!-- validatePrintAcronyms -->
        <test-method signature="validateBeCognizantHomePage()[pri:7, instance:com.be.Cognizant.testCases.Main@2034b64c]" started-at="2024-04-02T17:38:24 IST" name="validateBeCognizantHomePage" finished-at="2024-04-02T17:38:29 IST" duration-ms="5353" status="PASS">
          <reporter-output>
          </reporter-output>
        </test-method> <!-- validateBeCognizantHomePage -->
        <test-method signature="validateStockPrice()[pri:8, instance:com.be.Cognizant.testCases.Main@2034b64c]" started-at="2024-04-02T17:38:30 IST" name="validateStockPrice" finished-at="2024-04-02T17:38:41 IST" duration-ms="11045" status="PASS">
          <reporter-output>
          </reporter-output>
        </test-method> <!-- validateStockPrice -->
        <test-method signature="validateGoogleStockPrice()[pri:9, instance:com.be.Cognizant.testCases.Main@2034b64c]" started-at="2024-04-02T17:38:41 IST" name="validateGoogleStockPrice" finished-at="2024-04-02T17:39:06 IST" duration-ms="24640" status="PASS">
          <reporter-output>
          </reporter-output>
        </test-method> <!-- validateGoogleStockPrice -->
        <test-method signature="validatePastStockPrice()[pri:10, instance:com.be.Cognizant.testCases.Main@2034b64c]" started-at="2024-04-02T17:39:06 IST" name="validatePastStockPrice" finished-at="2024-04-02T17:39:09 IST" duration-ms="3596" status="PASS">
          <reporter-output>
          </reporter-output>
        </test-method> <!-- validatePastStockPrice -->
        <test-method is-config="true" signature="afterClass()[pri:0, instance:com.be.Cognizant.testCases.Main@2034b64c]" started-at="2024-04-02T17:39:10 IST" name="afterClass" finished-at="2024-04-02T17:39:39 IST" duration-ms="29705" status="PASS">
          <reporter-output>
          </reporter-output>
        </test-method> <!-- afterClass -->
      </class> <!-- com.be.Cognizant.testCases.Main -->
    </test> <!-- Test1 -->
    <test started-at="2024-04-02T17:39:42 IST" name="Test2" finished-at="2024-04-02T17:41:18 IST" duration-ms="95706">
      <class name="com.be.Cognizant.testCases.Main">
        <test-method is-config="true" signature="beforeClass(java.lang.String)[pri:0, instance:com.be.Cognizant.testCases.Main@5b247367]" started-at="2024-04-02T17:39:42 IST" name="beforeClass" finished-at="2024-04-02T17:40:19 IST" duration-ms="36939" status="PASS">
          <params>
            <param index="0">
              <value>
                <![CDATA[chrome]]>
              </value>
            </param>
          </params>
          <reporter-output>
          </reporter-output>
        </test-method> <!-- beforeClass -->
        <test-method signature="validateUserInformation()[pri:1, instance:com.be.Cognizant.testCases.Main@5b247367]" started-at="2024-04-02T17:40:19 IST" name="validateUserInformation" finished-at="2024-04-02T17:40:20 IST" duration-ms="365" status="PASS">
          <reporter-output>
          </reporter-output>
        </test-method> <!-- validateUserInformation -->
        <test-method signature="validateClickCompany()[pri:2, instance:com.be.Cognizant.testCases.Main@5b247367]" started-at="2024-04-02T17:40:20 IST" name="validateClickCompany" finished-at="2024-04-02T17:40:20 IST" duration-ms="68" status="PASS">
          <reporter-output>
          </reporter-output>
        </test-method> <!-- validateClickCompany -->
        <test-method signature="validateClickAcronym()[pri:3, instance:com.be.Cognizant.testCases.Main@5b247367]" started-at="2024-04-02T17:40:20 IST" name="validateClickAcronym" finished-at="2024-04-02T17:40:20 IST" duration-ms="79" status="PASS">
          <reporter-output>
          </reporter-output>
        </test-method> <!-- validateClickAcronym -->
        <test-method signature="validateAcronymIsDisplayed()[pri:4, instance:com.be.Cognizant.testCases.Main@5b247367]" started-at="2024-04-02T17:40:23 IST" name="validateAcronymIsDisplayed" finished-at="2024-04-02T17:40:25 IST" duration-ms="1500" status="PASS">
          <reporter-output>
          </reporter-output>
        </test-method> <!-- validateAcronymIsDisplayed -->
        <test-method signature="toolTipTitle()[pri:5, instance:com.be.Cognizant.testCases.Main@5b247367]" started-at="2024-04-02T17:40:25 IST" name="toolTipTitle" finished-at="2024-04-02T17:40:25 IST" duration-ms="170" status="PASS">
          <reporter-output>
          </reporter-output>
        </test-method> <!-- toolTipTitle -->
        <test-method signature="validatePrintAcronyms()[pri:6, instance:com.be.Cognizant.testCases.Main@5b247367]" started-at="2024-04-02T17:40:25 IST" name="validatePrintAcronyms" finished-at="2024-04-02T17:40:38 IST" duration-ms="13027" status="PASS">
          <reporter-output>
          </reporter-output>
        </test-method> <!-- validatePrintAcronyms -->
        <test-method signature="validateBeCognizantHomePage()[pri:7, instance:com.be.Cognizant.testCases.Main@5b247367]" started-at="2024-04-02T17:40:38 IST" name="validateBeCognizantHomePage" finished-at="2024-04-02T17:40:43 IST" duration-ms="5129" status="PASS">
          <reporter-output>
          </reporter-output>
        </test-method> <!-- validateBeCognizantHomePage -->
        <test-method signature="validateStockPrice()[pri:8, instance:com.be.Cognizant.testCases.Main@5b247367]" started-at="2024-04-02T17:40:44 IST" name="validateStockPrice" finished-at="2024-04-02T17:40:54 IST" duration-ms="10066" status="PASS">
          <reporter-output>
          </reporter-output>
        </test-method> <!-- validateStockPrice -->
        <test-method signature="validateGoogleStockPrice()[pri:9, instance:com.be.Cognizant.testCases.Main@5b247367]" started-at="2024-04-02T17:40:54 IST" name="validateGoogleStockPrice" finished-at="2024-04-02T17:41:09 IST" duration-ms="14867" status="PASS">
          <reporter-output>
          </reporter-output>
        </test-method> <!-- validateGoogleStockPrice -->
        <test-method signature="validatePastStockPrice()[pri:10, instance:com.be.Cognizant.testCases.Main@5b247367]" started-at="2024-04-02T17:41:09 IST" name="validatePastStockPrice" finished-at="2024-04-02T17:41:10 IST" duration-ms="635" status="PASS">
          <reporter-output>
          </reporter-output>
        </test-method> <!-- validatePastStockPrice -->
        <test-method is-config="true" signature="afterClass()[pri:0, instance:com.be.Cognizant.testCases.Main@5b247367]" started-at="2024-04-02T17:41:10 IST" name="afterClass" finished-at="2024-04-02T17:41:18 IST" duration-ms="8295" status="PASS">
          <reporter-output>
          </reporter-output>
        </test-method> <!-- afterClass -->
      </class> <!-- com.be.Cognizant.testCases.Main -->
    </test> <!-- Test2 -->
  </suite> <!-- Suite -->
</testng-results>
